<?xml version="1.0" encoding="UTF-8"?>
<!-- Generated by org.testng.reporters.JUnitReportReporter -->
<testsuite hostname="IBM-PF33F103" failures="0" tests="3" name="TstNGFrm.NGFrm.Test.day6" time="0.003" errors="0" timestamp="2023-10-24T12:15:53 IST" skipped="0">
  <testcase classname="TstNGFrm.NGFrm.Test.day6" name="Siebeltest" time="0.001"/>
  <testcase classname="TstNGFrm.NGFrm.Test.day6" name="Siebeltest" time="0.001"/>
  <testcase classname="TstNGFrm.NGFrm.Test.day6" name="Siebeltest" time="0.001"/>
</testsuite> <!-- TstNGFrm.NGFrm.Test.day6 -->
