<?xml version="1.0" encoding="UTF-8"?>
<!-- Generated by org.testng.reporters.JUnitReportReporter -->
<testsuite hostname="IBM-PF33F103" failures="0" tests="1" name="TstNGFrm.NGFrm.Test.day5" time="0.004" errors="0" timestamp="2023-10-24T12:49:57 IST" skipped="0">
  <testcase classname="TstNGFrm.NGFrm.Test.day5" name="bankingtest" time="0.004"/>
</testsuite> <!-- TstNGFrm.NGFrm.Test.day5 -->
