<?xml version="1.0" encoding="UTF-8"?>
<!-- Generated by org.testng.reporters.JUnitReportReporter -->
<testsuite hostname="IBM-PF33F103" failures="0" tests="2" name="TstNGFrm.NGFrm.day2" time="0.008" errors="0" timestamp="2023-10-24T12:51:02 IST" skipped="0">
  <testcase classname="TstNGFrm.NGFrm.day2" name="demo2" time="0.005"/>
  <testcase classname="TstNGFrm.NGFrm.day2" name="demo2method" time="0.003"/>
</testsuite> <!-- TstNGFrm.NGFrm.day2 -->
