<?xml version="1.0" encoding="UTF-8"?>
<!-- Generated by org.testng.reporters.JUnitReportReporter -->
<testsuite hostname="IBM-PF33F103" failures="0" tests="3" name="TstNGFrm.NGFrm.day1" time="0.009" errors="0" timestamp="2023-10-24T12:51:02 IST" skipped="1">
  <testcase classname="TstNGFrm.NGFrm.day1" name="demo_day1" time="0.001"/>
  <testcase classname="TstNGFrm.NGFrm.day1" name="demo_day1B" time="0.008"/>
  <testcase classname="TstNGFrm.NGFrm.day1" name="demo_day1C">
    <skipped/>
  </testcase> <!-- demo_day1C -->
</testsuite> <!-- TstNGFrm.NGFrm.day1 -->
