<?xml version="1.0" encoding="UTF-8"?>
<!-- Generated by org.testng.reporters.JUnitReportReporter -->
<testsuite hostname="IBM-PF33F103" failures="0" tests="6" name="TstNGFrm.NGFrm.day4" time="0.027" errors="0" timestamp="2023-10-24T12:51:02 IST" skipped="0">
  <testcase classname="TstNGFrm.NGFrm.day4" name="apiloginhomeloan" time="0.001"/>
  <testcase classname="TstNGFrm.NGFrm.day4" name="webloginhomeloan" time="0.002"/>
  <testcase classname="TstNGFrm.NGFrm.day4" name="webloginhomeloan" time="0.001"/>
  <testcase classname="TstNGFrm.NGFrm.day4" name="webloginhomeloan" time="0.000"/>
  <testcase classname="TstNGFrm.NGFrm.day4" name="dividedByZeroEx" time="0.001"/>
  <testcase classname="TstNGFrm.NGFrm.day4" name="timeOutExample" time="0.022"/>
</testsuite> <!-- TstNGFrm.NGFrm.day4 -->
